
ROM used:   1409/8192 (17%)
            1409/8192 (17%) including unused fragments

            0.8 Average locations per line
            4.9 Average locations per statement

RAM used:   35/368 (10%) at main() level
            61/368 (17%) worst case

Stack used: 6 worst case (6 in main + 0 for interrupts)
Stack size: 8

Lines Stmts  %   Files
----- ----- ---  -----
  284   166  57  EEPROM.c
  786     0   0  ..\..\Devices\16f887.h
  456    84  29  ..\..\Drivers\LCD.C
  135    40  14  ..\..\Drivers\KBD.C
----- -----
 1661   290 Total

Page ROM  %  RAM    Vol Diff  Functions:
---- --- --- ---    --- ----  ----------
0     21   1    1             @delay_ms1
 Inline         3    596  5.9  lcd_read_byte
0      6   0    0     59  4.2  lcd_read_nibble
0     12   1    1    179  3.3  lcd_send_nibble
0     64   5    3    460  4.7  lcd_send_byte
0     62   4    6    814  7.2  lcd_init
0     18   1    4    208  6.3  lcd_gotoxy
0     44   3    1    354  4.7  lcd_putc
0     16   1    0             @const684
0      3   0    0      3  0.0  kbd_init
0    101   7    3   4540 10.2  kbd_getc
0     37   3    2             @MUL88
0     72   5    0    674  3.8  TECLADO
0     89   6    0    837  4.8  pedir_clave
0     83   6   12    449  5.4  validar_clave
0     21   1    5             @MUL1616
0    340  24   13   1907  5.4  cambio_clave
0      1   0    0   1961  5.9  @const726
0     86   6    4             @PSTRINGC7_670
0      7   0    0             @const731
0      1   0    0             @const732
0      7   0    0             @const733
0      1   0    0             @const734
0      9   1    0             @const735
0      1   0    0             @const736
0    274  19   14   1656  5.9  MAIN
0      1   0    0   1673  5.9  @const749
0      8   1    0             @const750
0      1   0    0             @const751
0      9   1    0             @const752
0      1   0    0             @const753
0      9   1    0             @const754
 Inline         0             @cinit1

Program metrics:
    Functions               16
    Statements              290
    Comments                334
    Volume (V)              24833
    Difficulty (D)          80.6
    Effort to implement (E) 2002014
    Time to implement (T)   30 hours, 54 minutes
    Est Delivered Bugs (B)  5
    Cyclomatic Complexity   58
    Maintainability (MI)    121

 Segment     Used  Free
-----------  ----  ----
00000-00003     4  0  
00004-007FF  1405  639  
00800-00FFF     0  2048  
01000-017FF     0  2048  
01800-01FFF     0  2048  



